[0m12:58:32.187367 [debug] [MainThread]: Sending event: {'category': 'dbt', 'action': 'invocation', 'label': 'start', 'context': [<snowplow_tracker.self_describing_json.SelfDescribingJson object at 0x00000258459F0170>, <snowplow_tracker.self_describing_json.SelfDescribingJson object at 0x0000025845E57860>, <snowplow_tracker.self_describing_json.SelfDescribingJson object at 0x0000025845E56E70>]}


============================== 12:58:32.192200 | 8efbc990-819b-4072-bec9-1949145e89b9 ==============================
[0m12:58:32.192200 [info ] [MainThread]: Running with dbt=1.7.1
[0m12:58:32.193266 [debug] [MainThread]: running dbt with arguments {'printer_width': '80', 'indirect_selection': 'eager', 'write_json': 'True', 'log_cache_events': 'False', 'partial_parse': 'True', 'cache_selected_only': 'False', 'warn_error': 'None', 'debug': 'False', 'fail_fast': 'False', 'log_path': 'logs', 'profiles_dir': 'C:\\Users\\skrishna\\.dbt', 'version_check': 'True', 'use_colors': 'True', 'use_experimental_parser': 'False', 'no_print': 'None', 'quiet': 'False', 'warn_error_options': 'WarnErrorOptions(include=[], exclude=[])', 'static_parser': 'True', 'introspect': 'True', 'log_format': 'default', 'target_path': 'None', 'invocation_command': 'dbt init', 'send_anonymous_usage_stats': 'True'}
[0m12:58:53.486203 [debug] [MainThread]: Starter project path: C:\Users\skrishna\Desktop\DBT\dbt-env\Lib\site-packages\dbt\include\starter_project
[0m12:58:53.509636 [info ] [MainThread]: 
Your new dbt project "data_warehouse" was created!

For more information on how to configure the profiles.yml file,
please consult the dbt documentation here:

  https://docs.getdbt.com/docs/configure-your-profile

One more thing:

Need help? Don't hesitate to reach out to us via GitHub issues or on Slack:

  https://community.getdbt.com/

Happy modeling!

[0m12:58:53.512810 [info ] [MainThread]: Setting up your profile.
[0m12:59:13.520641 [debug] [MainThread]: Command `dbt init` succeeded at 12:59:13.520641 after 41.42 seconds
[0m12:59:13.522583 [debug] [MainThread]: Sending event: {'category': 'dbt', 'action': 'invocation', 'label': 'end', 'context': [<snowplow_tracker.self_describing_json.SelfDescribingJson object at 0x0000025845A77920>, <snowplow_tracker.self_describing_json.SelfDescribingJson object at 0x0000025845CD1430>, <snowplow_tracker.self_describing_json.SelfDescribingJson object at 0x0000025842AC27B0>]}
[0m12:59:13.523632 [debug] [MainThread]: Flushing usage events
[0m13:08:24.787731 [debug] [MainThread]: Sending event: {'category': 'dbt', 'action': 'invocation', 'label': 'start', 'context': [<snowplow_tracker.self_describing_json.SelfDescribingJson object at 0x0000018AA5AC42C0>, <snowplow_tracker.self_describing_json.SelfDescribingJson object at 0x0000018AA5AC44D0>, <snowplow_tracker.self_describing_json.SelfDescribingJson object at 0x0000018AA5AC4170>]}


============================== 13:08:24.794295 | 69fab064-eb71-4546-b171-2cfb1b1882d1 ==============================
[0m13:08:24.794295 [info ] [MainThread]: Running with dbt=1.7.1
[0m13:08:24.795295 [debug] [MainThread]: running dbt with arguments {'printer_width': '80', 'indirect_selection': 'eager', 'write_json': 'True', 'log_cache_events': 'False', 'partial_parse': 'True', 'cache_selected_only': 'False', 'profiles_dir': 'C:\\Users\\skrishna\\.dbt', 'version_check': 'True', 'fail_fast': 'False', 'log_path': 'logs', 'warn_error': 'None', 'debug': 'False', 'use_colors': 'True', 'use_experimental_parser': 'False', 'no_print': 'None', 'quiet': 'False', 'warn_error_options': 'WarnErrorOptions(include=[], exclude=[])', 'invocation_command': 'dbt init', 'introspect': 'True', 'static_parser': 'True', 'target_path': 'None', 'log_format': 'default', 'send_anonymous_usage_stats': 'True'}
[0m13:09:41.353284 [debug] [MainThread]: Starter project path: C:\Users\skrishna\Desktop\DBT\dbt-env\Lib\site-packages\dbt\include\starter_project
[0m13:09:41.383334 [info ] [MainThread]: 
Your new dbt project "dfz" was created!

For more information on how to configure the profiles.yml file,
please consult the dbt documentation here:

  https://docs.getdbt.com/docs/configure-your-profile

One more thing:

Need help? Don't hesitate to reach out to us via GitHub issues or on Slack:

  https://community.getdbt.com/

Happy modeling!

[0m13:09:41.385329 [info ] [MainThread]: Setting up your profile.
[0m13:13:11.655168 [info ] [MainThread]: Profile dfz written to C:\Users\skrishna\.dbt\profiles.yml using target's profile_template.yml and your supplied values. Run 'dbt debug' to validate the connection.
[0m13:13:11.657477 [debug] [MainThread]: Command `dbt init` succeeded at 13:13:11.657477 after 286.95 seconds
[0m13:13:11.658475 [debug] [MainThread]: Sending event: {'category': 'dbt', 'action': 'invocation', 'label': 'end', 'context': [<snowplow_tracker.self_describing_json.SelfDescribingJson object at 0x0000018AA49A2330>, <snowplow_tracker.self_describing_json.SelfDescribingJson object at 0x0000018AA59465A0>, <snowplow_tracker.self_describing_json.SelfDescribingJson object at 0x0000018AA52CC680>]}
[0m13:13:11.659473 [debug] [MainThread]: Flushing usage events
[0m13:13:42.604588 [debug] [MainThread]: Sending event: {'category': 'dbt', 'action': 'invocation', 'label': 'start', 'context': [<snowplow_tracker.self_describing_json.SelfDescribingJson object at 0x000001E18A024CE0>, <snowplow_tracker.self_describing_json.SelfDescribingJson object at 0x000001E18A024EC0>, <snowplow_tracker.self_describing_json.SelfDescribingJson object at 0x000001E18A0249B0>]}


============================== 13:13:42.608613 | a5ebfb69-88ba-4efd-a7e0-594a3b8cbff6 ==============================
[0m13:13:42.608613 [info ] [MainThread]: Running with dbt=1.7.1
[0m13:13:42.610580 [debug] [MainThread]: running dbt with arguments {'printer_width': '80', 'indirect_selection': 'eager', 'log_cache_events': 'False', 'write_json': 'True', 'partial_parse': 'True', 'cache_selected_only': 'False', 'profiles_dir': 'C:\\Users\\skrishna\\.dbt', 'version_check': 'True', 'warn_error': 'None', 'log_path': 'logs', 'fail_fast': 'False', 'debug': 'False', 'use_colors': 'True', 'use_experimental_parser': 'False', 'no_print': 'None', 'quiet': 'False', 'warn_error_options': 'WarnErrorOptions(include=[], exclude=[])', 'static_parser': 'True', 'introspect': 'True', 'invocation_command': 'dbt debug', 'target_path': 'None', 'log_format': 'default', 'send_anonymous_usage_stats': 'True'}
[0m13:13:42.611570 [info ] [MainThread]: dbt version: 1.7.1
[0m13:13:42.612567 [info ] [MainThread]: python version: 3.12.0
[0m13:13:42.614599 [info ] [MainThread]: python path: C:\Users\skrishna\Desktop\DBT\dbt-env\Scripts\python.exe
[0m13:13:42.615559 [info ] [MainThread]: os info: Windows-11-10.0.22621-SP0
[0m13:13:42.983855 [info ] [MainThread]: Using profiles dir at C:\Users\skrishna\.dbt
[0m13:13:42.984841 [info ] [MainThread]: Using profiles.yml file at C:\Users\skrishna\.dbt\profiles.yml
[0m13:13:42.985813 [info ] [MainThread]: Using dbt_project.yml file at C:\Users\skrishna\Desktop\DBT\dbt-project\dbt_project.yml
[0m13:13:42.986846 [error] [MainThread]: Encountered an error:
Internal Error
  Profile should not be None if loading profile completed
[0m13:13:42.988801 [debug] [MainThread]: Command `dbt debug` failed at 13:13:42.988801 after 0.47 seconds
[0m13:13:42.989835 [debug] [MainThread]: Sending event: {'category': 'dbt', 'action': 'invocation', 'label': 'end', 'context': [<snowplow_tracker.self_describing_json.SelfDescribingJson object at 0x000001E18A9875F0>, <snowplow_tracker.self_describing_json.SelfDescribingJson object at 0x000001E18A1EF770>, <snowplow_tracker.self_describing_json.SelfDescribingJson object at 0x000001E18A9CFD40>]}
[0m13:13:42.990834 [debug] [MainThread]: Flushing usage events
[0m13:14:30.630268 [debug] [MainThread]: Sending event: {'category': 'dbt', 'action': 'invocation', 'label': 'start', 'context': [<snowplow_tracker.self_describing_json.SelfDescribingJson object at 0x000001B64DA850A0>, <snowplow_tracker.self_describing_json.SelfDescribingJson object at 0x000001B64D549070>, <snowplow_tracker.self_describing_json.SelfDescribingJson object at 0x000001B64DA85100>]}


============================== 13:14:30.634259 | c873cd5c-bf3d-4c1e-812e-c7b3f7aa4b83 ==============================
[0m13:14:30.634259 [info ] [MainThread]: Running with dbt=1.7.1
[0m13:14:30.636254 [debug] [MainThread]: running dbt with arguments {'printer_width': '80', 'indirect_selection': 'eager', 'write_json': 'True', 'log_cache_events': 'False', 'partial_parse': 'True', 'cache_selected_only': 'False', 'profiles_dir': 'C:\\Users\\skrishna\\.dbt', 'debug': 'False', 'fail_fast': 'False', 'log_path': 'logs', 'warn_error': 'None', 'version_check': 'True', 'use_colors': 'True', 'use_experimental_parser': 'False', 'no_print': 'None', 'quiet': 'False', 'log_format': 'default', 'introspect': 'True', 'warn_error_options': 'WarnErrorOptions(include=[], exclude=[])', 'invocation_command': 'dbt debug', 'target_path': 'None', 'static_parser': 'True', 'send_anonymous_usage_stats': 'True'}
[0m13:14:30.638281 [info ] [MainThread]: dbt version: 1.7.1
[0m13:14:30.639245 [info ] [MainThread]: python version: 3.12.0
[0m13:14:30.640276 [info ] [MainThread]: python path: C:\Users\skrishna\Desktop\DBT\dbt-env\Scripts\python.exe
[0m13:14:30.642241 [info ] [MainThread]: os info: Windows-11-10.0.22621-SP0
[0m13:14:31.008721 [info ] [MainThread]: Using profiles dir at C:\Users\skrishna\.dbt
[0m13:14:31.009732 [info ] [MainThread]: Using profiles.yml file at C:\Users\skrishna\.dbt\profiles.yml
[0m13:14:31.010677 [info ] [MainThread]: Using dbt_project.yml file at C:\Users\skrishna\Desktop\DBT\dbt-project\dbt_project.yml
[0m13:14:31.011714 [error] [MainThread]: Encountered an error:
Internal Error
  Profile should not be None if loading profile completed
[0m13:14:31.013668 [debug] [MainThread]: Command `dbt debug` failed at 13:14:31.013668 after 0.46 seconds
[0m13:14:31.014666 [debug] [MainThread]: Sending event: {'category': 'dbt', 'action': 'invocation', 'label': 'end', 'context': [<snowplow_tracker.self_describing_json.SelfDescribingJson object at 0x000001B64E407D70>, <snowplow_tracker.self_describing_json.SelfDescribingJson object at 0x000001B64E4D2240>, <snowplow_tracker.self_describing_json.SelfDescribingJson object at 0x000001B64E57F8C0>]}
[0m13:14:31.015665 [debug] [MainThread]: Flushing usage events
[0m13:15:11.533895 [debug] [MainThread]: Sending event: {'category': 'dbt', 'action': 'invocation', 'label': 'start', 'context': [<snowplow_tracker.self_describing_json.SelfDescribingJson object at 0x000001D902FF4F50>, <snowplow_tracker.self_describing_json.SelfDescribingJson object at 0x000001D902FF5070>, <snowplow_tracker.self_describing_json.SelfDescribingJson object at 0x000001D902FF4BC0>]}


============================== 13:15:11.537792 | 4597d5e5-bd4a-4228-908e-c65549a729cb ==============================
[0m13:15:11.537792 [info ] [MainThread]: Running with dbt=1.7.1
[0m13:15:11.538756 [debug] [MainThread]: running dbt with arguments {'printer_width': '80', 'indirect_selection': 'eager', 'write_json': 'True', 'log_cache_events': 'False', 'partial_parse': 'True', 'cache_selected_only': 'False', 'profiles_dir': 'C:\\Users\\skrishna\\.dbt', 'version_check': 'True', 'fail_fast': 'False', 'log_path': 'logs', 'debug': 'False', 'warn_error': 'None', 'use_colors': 'True', 'use_experimental_parser': 'False', 'no_print': 'None', 'quiet': 'False', 'warn_error_options': 'WarnErrorOptions(include=[], exclude=[])', 'static_parser': 'True', 'introspect': 'True', 'invocation_command': 'dbt debug --config-dir', 'target_path': 'None', 'log_format': 'default', 'send_anonymous_usage_stats': 'True'}
[0m13:15:11.539754 [info ] [MainThread]: To view your profiles.yml file, run:

start C:\Users\skrishna\.dbt
[0m13:15:11.541253 [debug] [MainThread]: Command `dbt debug` succeeded at 13:15:11.541253 after 0.08 seconds
[0m13:15:11.541253 [debug] [MainThread]: Sending event: {'category': 'dbt', 'action': 'invocation', 'label': 'end', 'context': [<snowplow_tracker.self_describing_json.SelfDescribingJson object at 0x000001D902271DF0>, <snowplow_tracker.self_describing_json.SelfDescribingJson object at 0x000001D903023950>, <snowplow_tracker.self_describing_json.SelfDescribingJson object at 0x000001D903023260>]}
[0m13:15:11.542250 [debug] [MainThread]: Flushing usage events
[0m13:29:19.894759 [debug] [MainThread]: Sending event: {'category': 'dbt', 'action': 'invocation', 'label': 'start', 'context': [<snowplow_tracker.self_describing_json.SelfDescribingJson object at 0x000001B14ACF7F20>, <snowplow_tracker.self_describing_json.SelfDescribingJson object at 0x000001B14ACF58B0>, <snowplow_tracker.self_describing_json.SelfDescribingJson object at 0x000001B14ACF7F50>]}


============================== 13:29:19.908786 | 830fc36c-50ed-42c6-8aa3-739b29ff581f ==============================
[0m13:29:19.908786 [info ] [MainThread]: Running with dbt=1.7.1
[0m13:29:19.911033 [debug] [MainThread]: running dbt with arguments {'printer_width': '80', 'indirect_selection': 'eager', 'write_json': 'True', 'log_cache_events': 'False', 'partial_parse': 'True', 'cache_selected_only': 'False', 'profiles_dir': 'C:\\Users\\skrishna\\.dbt', 'debug': 'False', 'fail_fast': 'False', 'log_path': 'logs', 'warn_error': 'None', 'version_check': 'True', 'use_colors': 'True', 'use_experimental_parser': 'False', 'no_print': 'None', 'quiet': 'False', 'warn_error_options': 'WarnErrorOptions(include=[], exclude=[])', 'introspect': 'True', 'log_format': 'default', 'static_parser': 'True', 'target_path': 'None', 'invocation_command': 'dbt run', 'send_anonymous_usage_stats': 'True'}
[0m13:29:19.913026 [error] [MainThread]: Encountered an error:
Runtime Error
  No dbt_project.yml found at expected path C:\Users\skrishna\Desktop\DBT\dbt-project\dbt_project.yml
  Verify that each entry within packages.yml (and their transitive dependencies) contains a file named dbt_project.yml
  
[0m13:29:19.916018 [debug] [MainThread]: Command `dbt run` failed at 13:29:19.915021 after 0.10 seconds
[0m13:29:19.917055 [debug] [MainThread]: Sending event: {'category': 'dbt', 'action': 'invocation', 'label': 'end', 'context': [<snowplow_tracker.self_describing_json.SelfDescribingJson object at 0x000001B14A29F5F0>, <snowplow_tracker.self_describing_json.SelfDescribingJson object at 0x000001B14A67AC30>, <snowplow_tracker.self_describing_json.SelfDescribingJson object at 0x000001B14A505EB0>]}
[0m13:29:19.918012 [debug] [MainThread]: Flushing usage events
[0m13:33:24.953130 [debug] [MainThread]: Sending event: {'category': 'dbt', 'action': 'invocation', 'label': 'start', 'context': [<snowplow_tracker.self_describing_json.SelfDescribingJson object at 0x000002814CDA7AD0>, <snowplow_tracker.self_describing_json.SelfDescribingJson object at 0x000002814CDA75C0>, <snowplow_tracker.self_describing_json.SelfDescribingJson object at 0x000002814CDA7890>]}


============================== 13:33:24.957121 | d2b46987-0070-4abc-856c-edde5402cc31 ==============================
[0m13:33:24.957121 [info ] [MainThread]: Running with dbt=1.7.1
[0m13:33:24.958085 [debug] [MainThread]: running dbt with arguments {'printer_width': '80', 'indirect_selection': 'eager', 'log_cache_events': 'False', 'write_json': 'True', 'partial_parse': 'True', 'cache_selected_only': 'False', 'profiles_dir': 'C:\\Users\\skrishna\\.dbt', 'debug': 'False', 'warn_error': 'None', 'log_path': 'logs', 'fail_fast': 'False', 'version_check': 'True', 'use_colors': 'True', 'use_experimental_parser': 'False', 'no_print': 'None', 'quiet': 'False', 'warn_error_options': 'WarnErrorOptions(include=[], exclude=[])', 'introspect': 'True', 'invocation_command': 'dbt run -my_first_dbt_model', 'static_parser': 'True', 'target_path': 'None', 'log_format': 'default', 'send_anonymous_usage_stats': 'True'}
[0m13:33:24.959087 [error] [MainThread]: Encountered an error:
Runtime Error
  No dbt_project.yml found at expected path C:\Users\skrishna\Desktop\DBT\dbt-project\dbt_project.yml
  Verify that each entry within packages.yml (and their transitive dependencies) contains a file named dbt_project.yml
  
[0m13:33:24.961601 [debug] [MainThread]: Command `dbt run` failed at 13:33:24.960601 after 0.08 seconds
[0m13:33:24.961601 [debug] [MainThread]: Sending event: {'category': 'dbt', 'action': 'invocation', 'label': 'end', 'context': [<snowplow_tracker.self_describing_json.SelfDescribingJson object at 0x000002814C6F8DA0>, <snowplow_tracker.self_describing_json.SelfDescribingJson object at 0x000002814CC9C380>, <snowplow_tracker.self_describing_json.SelfDescribingJson object at 0x000002814C5C7FE0>]}
[0m13:33:24.962598 [debug] [MainThread]: Flushing usage events
[0m14:54:17.694161 [debug] [MainThread]: Sending event: {'category': 'dbt', 'action': 'invocation', 'label': 'start', 'context': [<snowplow_tracker.self_describing_json.SelfDescribingJson object at 0x0000019338096C90>, <snowplow_tracker.self_describing_json.SelfDescribingJson object at 0x0000019338097650>, <snowplow_tracker.self_describing_json.SelfDescribingJson object at 0x0000019338094EF0>]}


============================== 14:54:17.704474 | 3fed88d3-a4ed-450d-8a50-7a622fd68318 ==============================
[0m14:54:17.704474 [info ] [MainThread]: Running with dbt=1.7.1
[0m14:54:17.706773 [debug] [MainThread]: running dbt with arguments {'printer_width': '80', 'indirect_selection': 'eager', 'log_cache_events': 'False', 'write_json': 'True', 'partial_parse': 'True', 'cache_selected_only': 'False', 'warn_error': 'None', 'debug': 'False', 'version_check': 'True', 'log_path': 'logs', 'profiles_dir': 'C:\\Users\\skrishna\\.dbt', 'fail_fast': 'False', 'use_colors': 'True', 'use_experimental_parser': 'False', 'no_print': 'None', 'quiet': 'False', 'log_format': 'default', 'static_parser': 'True', 'invocation_command': 'dbt run', 'introspect': 'True', 'target_path': 'None', 'warn_error_options': 'WarnErrorOptions(include=[], exclude=[])', 'send_anonymous_usage_stats': 'True'}
[0m14:54:17.708282 [error] [MainThread]: Encountered an error:
Runtime Error
  No dbt_project.yml found at expected path C:\Users\skrishna\Desktop\DBT\dbt-project\dbt_project.yml
  Verify that each entry within packages.yml (and their transitive dependencies) contains a file named dbt_project.yml
  
[0m14:54:17.712059 [debug] [MainThread]: Command `dbt run` failed at 14:54:17.712059 after 0.15 seconds
[0m14:54:17.713131 [debug] [MainThread]: Sending event: {'category': 'dbt', 'action': 'invocation', 'label': 'end', 'context': [<snowplow_tracker.self_describing_json.SelfDescribingJson object at 0x0000019337B875F0>, <snowplow_tracker.self_describing_json.SelfDescribingJson object at 0x0000019334D02960>, <snowplow_tracker.self_describing_json.SelfDescribingJson object at 0x0000019337925460>]}
[0m14:54:17.714833 [debug] [MainThread]: Flushing usage events
